This is pdfTeX, Version 3.14159265-2.6-1.40.16 (TeX Live 2015/Debian) (preloaded format=latex 2018.2.23)  29 MAR 2018 08:59
entering extended mode
 restricted \write18 enabled.
 %&-line parsing enabled.
**prooftrees.sty
(./prooftrees.sty
LaTeX2e <2016/02/01>
Babel <3.9q> and hyphenation patterns for 3 language(s) loaded.
(/usr/share/texlive/texmf-dist/tex/latex/svn-prov/svn-prov.sty
Package: svn-prov 2010/04/24 v3.1862 Package Date/Version from SVN Keywords
)

LaTeX Warning: You have requested package `',
               but the package provides `prooftrees'.

Package: prooftrees 2017/02/09 v0.6 (SVN Rev: 5848)
(/usr/share/texlive/texmf-dist/tex/latex/etoolbox/etoolbox.sty
Package: etoolbox 2015/08/02 v2.2a e-TeX tools for LaTeX (JAW)
\etb@tempcnta=\count79
)

! LaTeX Error: Missing \begin{document}.

See the LaTeX manual or LaTeX Companion for explanation.
Type  H <return>  for immediate help.
 ...                                              
                                                  
l.23 \newcommand*\prooftrees@e
                              nw{prooftree}
? x
 
Here is how much of TeX's memory you used:
 375 strings out of 494954
 4849 string characters out of 6181003
 55345 words of memory out of 5000000
 3750 multiletter control sequences out of 15000+600000
 3640 words of font info for 14 fonts, out of 8000000 for 9000
 14 hyphenation exceptions out of 8191
 15i,0n,15p,813b,25s stack positions out of 5000i,500n,10000p,200000b,80000s
No pages of output.
